<?xml version="1.0" encoding="UTF-8"?>
<testng-results skipped="0" failed="0" total="1" passed="1">
  <reporter-output>
  </reporter-output>
  <suite name="test.NewTest" duration-ms="5720" started-at="2016-09-07T13:33:02Z" finished-at="2016-09-07T13:33:08Z">
    <groups>
    </groups>
    <test name="Command line test" duration-ms="5720" started-at="2016-09-07T13:33:02Z" finished-at="2016-09-07T13:33:08Z">
      <class name="test.NewTest">
        <test-method status="PASS" signature="checkTest()[pri:0, instance:test.NewTest@59a6e353]" name="checkTest" duration-ms="5709" started-at="2016-09-07T19:03:02Z" finished-at="2016-09-07T19:03:08Z">
          <reporter-output>
          </reporter-output>
        </test-method> <!-- checkTest -->
      </class> <!-- test.NewTest -->
    </test> <!-- Command line test -->
  </suite> <!-- test.NewTest -->
</testng-results>
