<?xml version="1.0" encoding="UTF-8"?>
<testng-results skipped="0" failed="0" total="1" passed="1">
  <reporter-output>
  </reporter-output>
  <suite name="Default suite" duration-ms="6496" started-at="2016-09-06T12:38:09Z" finished-at="2016-09-06T12:38:16Z">
    <groups>
    </groups>
    <test name="Default test" duration-ms="6496" started-at="2016-09-06T12:38:09Z" finished-at="2016-09-06T12:38:16Z">
      <class name="test.NewTest">
        <test-method status="PASS" signature="checkTest()[pri:0, instance:test.NewTest@573f2bb1]" name="checkTest" duration-ms="6456" started-at="2016-09-06T18:08:09Z" finished-at="2016-09-06T18:08:16Z">
          <reporter-output>
          </reporter-output>
        </test-method> <!-- checkTest -->
      </class> <!-- test.NewTest -->
    </test> <!-- Default test -->
  </suite> <!-- Default suite -->
</testng-results>
