<?xml version="1.0" encoding="UTF-8"?>
<testng-results skipped="0" failed="0" total="1" passed="1">
  <reporter-output>
  </reporter-output>
  <suite name="Suite" duration-ms="8001" started-at="2016-09-07T12:50:38Z" finished-at="2016-09-07T12:50:46Z">
    <groups>
    </groups>
    <test name="Test" duration-ms="8001" started-at="2016-09-07T12:50:38Z" finished-at="2016-09-07T12:50:46Z">
      <class name="test.NewTest">
        <test-method status="PASS" signature="checkTest()[pri:0, instance:test.NewTest@573f2bb1]" name="checkTest" duration-ms="7979" started-at="2016-09-07T18:20:38Z" finished-at="2016-09-07T18:20:46Z">
          <reporter-output>
          </reporter-output>
        </test-method> <!-- checkTest -->
      </class> <!-- test.NewTest -->
    </test> <!-- Test -->
  </suite> <!-- Suite -->
</testng-results>
